<?xml version="1.0" encoding="UTF-8"?>
<testsuite xmlns:xsi="http://www.w3.org/2001/XMLSchema-instance" xsi:noNamespaceSchemaLocation="https://maven.apache.org/surefire/maven-surefire-plugin/xsd/surefire-test-report.xsd" name="com.jt.TestRedis" time="6.404" tests="4" errors="3" skipped="0" failures="0">
  <properties>
    <property name="sun.desktop" value="windows"/>
    <property name="awt.toolkit" value="sun.awt.windows.WToolkit"/>
    <property name="file.encoding.pkg" value="sun.io"/>
    <property name="java.specification.version" value="1.8"/>
    <property name="sun.cpu.isalist" value="amd64"/>
    <property name="sun.jnu.encoding" value="GBK"/>
    <property name="java.class.path" value="E:\1902jt\jt\jt-manage\target\test-classes;E:\1902jt\jt\jt-manage\target\classes;E:\software\repository\com\jt\1902\jt-common\0.0.1-SNAPSHOT\jt-common-0.0.1-SNAPSHOT.jar;E:\software\repository\org\springframework\boot\spring-boot-starter-web\2.1.3.RELEASE\spring-boot-starter-web-2.1.3.RELEASE.jar;E:\software\repository\org\springframework\boot\spring-boot-starter\2.1.3.RELEASE\spring-boot-starter-2.1.3.RELEASE.jar;E:\software\repository\org\springframework\boot\spring-boot-starter-logging\2.1.3.RELEASE\spring-boot-starter-logging-2.1.3.RELEASE.jar;E:\software\repository\ch\qos\logback\logback-classic\1.2.3\logback-classic-1.2.3.jar;E:\software\repository\ch\qos\logback\logback-core\1.2.3\logback-core-1.2.3.jar;E:\software\repository\org\apache\logging\log4j\log4j-to-slf4j\2.11.2\log4j-to-slf4j-2.11.2.jar;E:\software\repository\org\apache\logging\log4j\log4j-api\2.11.2\log4j-api-2.11.2.jar;E:\software\repository\org\slf4j\jul-to-slf4j\1.7.25\jul-to-slf4j-1.7.25.jar;E:\software\repository\javax\annotation\javax.annotation-api\1.3.2\javax.annotation-api-1.3.2.jar;E:\software\repository\org\yaml\snakeyaml\1.23\snakeyaml-1.23.jar;E:\software\repository\org\springframework\boot\spring-boot-starter-json\2.1.3.RELEASE\spring-boot-starter-json-2.1.3.RELEASE.jar;E:\software\repository\com\fasterxml\jackson\core\jackson-databind\2.9.8\jackson-databind-2.9.8.jar;E:\software\repository\com\fasterxml\jackson\core\jackson-annotations\2.9.0\jackson-annotations-2.9.0.jar;E:\software\repository\com\fasterxml\jackson\core\jackson-core\2.9.8\jackson-core-2.9.8.jar;E:\software\repository\com\fasterxml\jackson\datatype\jackson-datatype-jdk8\2.9.8\jackson-datatype-jdk8-2.9.8.jar;E:\software\repository\com\fasterxml\jackson\datatype\jackson-datatype-jsr310\2.9.8\jackson-datatype-jsr310-2.9.8.jar;E:\software\repository\com\fasterxml\jackson\module\jackson-module-parameter-names\2.9.8\jackson-module-parameter-names-2.9.8.jar;E:\software\repository\org\springframework\boot\spring-boot-starter-tomcat\2.1.3.RELEASE\spring-boot-starter-tomcat-2.1.3.RELEASE.jar;E:\software\repository\org\apache\tomcat\embed\tomcat-embed-websocket\9.0.16\tomcat-embed-websocket-9.0.16.jar;E:\software\repository\org\hibernate\validator\hibernate-validator\6.0.14.Final\hibernate-validator-6.0.14.Final.jar;E:\software\repository\javax\validation\validation-api\2.0.1.Final\validation-api-2.0.1.Final.jar;E:\software\repository\org\jboss\logging\jboss-logging\3.3.2.Final\jboss-logging-3.3.2.Final.jar;E:\software\repository\com\fasterxml\classmate\1.4.0\classmate-1.4.0.jar;E:\software\repository\org\springframework\spring-web\5.1.5.RELEASE\spring-web-5.1.5.RELEASE.jar;E:\software\repository\org\springframework\spring-beans\5.1.5.RELEASE\spring-beans-5.1.5.RELEASE.jar;E:\software\repository\org\springframework\spring-webmvc\5.1.5.RELEASE\spring-webmvc-5.1.5.RELEASE.jar;E:\software\repository\org\springframework\spring-context\5.1.5.RELEASE\spring-context-5.1.5.RELEASE.jar;E:\software\repository\org\springframework\spring-expression\5.1.5.RELEASE\spring-expression-5.1.5.RELEASE.jar;E:\software\repository\org\springframework\boot\spring-boot-starter-aop\2.1.3.RELEASE\spring-boot-starter-aop-2.1.3.RELEASE.jar;E:\software\repository\org\springframework\spring-aop\5.1.5.RELEASE\spring-aop-5.1.5.RELEASE.jar;E:\software\repository\org\aspectj\aspectjweaver\1.9.2\aspectjweaver-1.9.2.jar;E:\software\repository\org\springframework\boot\spring-boot-starter-test\2.1.3.RELEASE\spring-boot-starter-test-2.1.3.RELEASE.jar;E:\software\repository\org\springframework\boot\spring-boot-test\2.1.3.RELEASE\spring-boot-test-2.1.3.RELEASE.jar;E:\software\repository\org\springframework\boot\spring-boot-test-autoconfigure\2.1.3.RELEASE\spring-boot-test-autoconfigure-2.1.3.RELEASE.jar;E:\software\repository\com\jayway\jsonpath\json-path\2.4.0\json-path-2.4.0.jar;E:\software\repository\net\minidev\json-smart\2.3\json-smart-2.3.jar;E:\software\repository\net\minidev\accessors-smart\1.2\accessors-smart-1.2.jar;E:\software\repository\org\ow2\asm\asm\5.0.4\asm-5.0.4.jar;E:\software\repository\junit\junit\4.12\junit-4.12.jar;E:\software\repository\org\assertj\assertj-core\3.11.1\assertj-core-3.11.1.jar;E:\software\repository\org\mockito\mockito-core\2.23.4\mockito-core-2.23.4.jar;E:\software\repository\net\bytebuddy\byte-buddy\1.9.10\byte-buddy-1.9.10.jar;E:\software\repository\net\bytebuddy\byte-buddy-agent\1.9.10\byte-buddy-agent-1.9.10.jar;E:\software\repository\org\objenesis\objenesis\2.6\objenesis-2.6.jar;E:\software\repository\org\hamcrest\hamcrest-core\1.3\hamcrest-core-1.3.jar;E:\software\repository\org\hamcrest\hamcrest-library\1.3\hamcrest-library-1.3.jar;E:\software\repository\org\skyscreamer\jsonassert\1.5.0\jsonassert-1.5.0.jar;E:\software\repository\com\vaadin\external\google\android-json\0.0.20131108.vaadin1\android-json-0.0.20131108.vaadin1.jar;E:\software\repository\org\springframework\spring-core\5.1.5.RELEASE\spring-core-5.1.5.RELEASE.jar;E:\software\repository\org\springframework\spring-jcl\5.1.5.RELEASE\spring-jcl-5.1.5.RELEASE.jar;E:\software\repository\org\springframework\spring-test\5.1.5.RELEASE\spring-test-5.1.5.RELEASE.jar;E:\software\repository\org\xmlunit\xmlunit-core\2.6.2\xmlunit-core-2.6.2.jar;E:\software\repository\org\springframework\boot\spring-boot-configuration-processor\2.1.3.RELEASE\spring-boot-configuration-processor-2.1.3.RELEASE.jar;E:\software\repository\org\springframework\springloaded\1.2.8.RELEASE\springloaded-1.2.8.RELEASE.jar;E:\software\repository\org\springframework\boot\spring-boot-devtools\2.1.3.RELEASE\spring-boot-devtools-2.1.3.RELEASE.jar;E:\software\repository\org\springframework\boot\spring-boot\2.1.3.RELEASE\spring-boot-2.1.3.RELEASE.jar;E:\software\repository\org\springframework\boot\spring-boot-autoconfigure\2.1.3.RELEASE\spring-boot-autoconfigure-2.1.3.RELEASE.jar;E:\software\repository\org\projectlombok\lombok\1.18.6\lombok-1.18.6.jar;E:\software\repository\mysql\mysql-connector-java\5.1.32\mysql-connector-java-5.1.32.jar;E:\software\repository\com\alibaba\druid\1.1.12\druid-1.1.12.jar;E:\software\repository\com\baomidou\mybatis-plus-boot-starter\3.0.6\mybatis-plus-boot-starter-3.0.6.jar;E:\software\repository\com\baomidou\mybatis-plus\3.0.6\mybatis-plus-3.0.6.jar;E:\software\repository\com\baomidou\mybatis-plus-extension\3.0.6\mybatis-plus-extension-3.0.6.jar;E:\software\repository\com\baomidou\mybatis-plus-core\3.0.6\mybatis-plus-core-3.0.6.jar;E:\software\repository\com\baomidou\mybatis-plus-annotation\3.0.6\mybatis-plus-annotation-3.0.6.jar;E:\software\repository\com\github\jsqlparser\jsqlparser\1.2\jsqlparser-1.2.jar;E:\software\repository\org\mybatis\mybatis-spring\1.3.2\mybatis-spring-1.3.2.jar;E:\software\repository\org\mybatis\mybatis\3.4.6\mybatis-3.4.6.jar;E:\software\repository\com\baomidou\mybatis-plus-generator\3.0.6\mybatis-plus-generator-3.0.6.jar;E:\software\repository\org\springframework\boot\spring-boot-starter-jdbc\2.1.3.RELEASE\spring-boot-starter-jdbc-2.1.3.RELEASE.jar;E:\software\repository\com\zaxxer\HikariCP\3.2.0\HikariCP-3.2.0.jar;E:\software\repository\org\springframework\spring-jdbc\5.1.5.RELEASE\spring-jdbc-5.1.5.RELEASE.jar;E:\software\repository\redis\clients\jedis\2.9.1\jedis-2.9.1.jar;E:\software\repository\org\slf4j\slf4j-api\1.7.25\slf4j-api-1.7.25.jar;E:\software\repository\org\apache\commons\commons-pool2\2.6.1\commons-pool2-2.6.1.jar;E:\software\repository\org\springframework\data\spring-data-redis\2.1.5.RELEASE\spring-data-redis-2.1.5.RELEASE.jar;E:\software\repository\org\springframework\data\spring-data-keyvalue\2.1.5.RELEASE\spring-data-keyvalue-2.1.5.RELEASE.jar;E:\software\repository\org\springframework\data\spring-data-commons\2.1.5.RELEASE\spring-data-commons-2.1.5.RELEASE.jar;E:\software\repository\org\springframework\spring-tx\5.1.5.RELEASE\spring-tx-5.1.5.RELEASE.jar;E:\software\repository\org\springframework\spring-oxm\5.1.5.RELEASE\spring-oxm-5.1.5.RELEASE.jar;E:\software\repository\org\springframework\spring-context-support\5.1.5.RELEASE\spring-context-support-5.1.5.RELEASE.jar;E:\software\repository\javax\servlet\javax.servlet-api\4.0.1\javax.servlet-api-4.0.1.jar;E:\software\repository\javax\servlet\jstl\1.2\jstl-1.2.jar;E:\software\repository\org\apache\tomcat\embed\tomcat-embed-jasper\9.0.16\tomcat-embed-jasper-9.0.16.jar;E:\software\repository\org\apache\tomcat\embed\tomcat-embed-core\9.0.16\tomcat-embed-core-9.0.16.jar;E:\software\repository\org\apache\tomcat\tomcat-annotations-api\9.0.16\tomcat-annotations-api-9.0.16.jar;E:\software\repository\org\apache\tomcat\embed\tomcat-embed-el\9.0.16\tomcat-embed-el-9.0.16.jar;E:\software\repository\org\eclipse\jdt\ecj\3.15.0\ecj-3.15.0.jar;E:\software\repository\org\apache\httpcomponents\httpclient\4.5.7\httpclient-4.5.7.jar;E:\software\repository\org\apache\httpcomponents\httpcore\4.4.11\httpcore-4.4.11.jar;E:\software\repository\commons-codec\commons-codec\1.11\commons-codec-1.11.jar;E:\software\repository\org\springframework\boot\spring-boot-starter-quartz\2.1.3.RELEASE\spring-boot-starter-quartz-2.1.3.RELEASE.jar;E:\software\repository\org\quartz-scheduler\quartz\2.3.0\quartz-2.3.0.jar;E:\software\repository\com\mchange\mchange-commons-java\0.2.11\mchange-commons-java-0.2.11.jar;"/>
    <property name="java.vm.vendor" value="Oracle Corporation"/>
    <property name="sun.arch.data.model" value="64"/>
    <property name="user.variant" value=""/>
    <property name="java.vendor.url" value="http://java.oracle.com/"/>
    <property name="user.timezone" value="Asia/Shanghai"/>
    <property name="java.vm.specification.version" value="1.8"/>
    <property name="os.name" value="Windows 7"/>
    <property name="user.country" value="CN"/>
    <property name="sun.java.launcher" value="SUN_STANDARD"/>
    <property name="sun.boot.library.path" value="D:\Java\jdk1.8.0_45\jre\bin"/>
    <property name="sun.java.command" value="C:\Users\000\AppData\Local\Temp\surefire2201186779821994320\surefirebooter8957782436326198148.jar C:\Users\000\AppData\Local\Temp\surefire2201186779821994320 2019-06-04T19-34-54_320-jvmRun1 surefire911549095410084069tmp surefire_06400644216144142379tmp"/>
    <property name="surefire.test.class.path" value="E:\1902jt\jt\jt-manage\target\test-classes;E:\1902jt\jt\jt-manage\target\classes;E:\software\repository\com\jt\1902\jt-common\0.0.1-SNAPSHOT\jt-common-0.0.1-SNAPSHOT.jar;E:\software\repository\org\springframework\boot\spring-boot-starter-web\2.1.3.RELEASE\spring-boot-starter-web-2.1.3.RELEASE.jar;E:\software\repository\org\springframework\boot\spring-boot-starter\2.1.3.RELEASE\spring-boot-starter-2.1.3.RELEASE.jar;E:\software\repository\org\springframework\boot\spring-boot-starter-logging\2.1.3.RELEASE\spring-boot-starter-logging-2.1.3.RELEASE.jar;E:\software\repository\ch\qos\logback\logback-classic\1.2.3\logback-classic-1.2.3.jar;E:\software\repository\ch\qos\logback\logback-core\1.2.3\logback-core-1.2.3.jar;E:\software\repository\org\apache\logging\log4j\log4j-to-slf4j\2.11.2\log4j-to-slf4j-2.11.2.jar;E:\software\repository\org\apache\logging\log4j\log4j-api\2.11.2\log4j-api-2.11.2.jar;E:\software\repository\org\slf4j\jul-to-slf4j\1.7.25\jul-to-slf4j-1.7.25.jar;E:\software\repository\javax\annotation\javax.annotation-api\1.3.2\javax.annotation-api-1.3.2.jar;E:\software\repository\org\yaml\snakeyaml\1.23\snakeyaml-1.23.jar;E:\software\repository\org\springframework\boot\spring-boot-starter-json\2.1.3.RELEASE\spring-boot-starter-json-2.1.3.RELEASE.jar;E:\software\repository\com\fasterxml\jackson\core\jackson-databind\2.9.8\jackson-databind-2.9.8.jar;E:\software\repository\com\fasterxml\jackson\core\jackson-annotations\2.9.0\jackson-annotations-2.9.0.jar;E:\software\repository\com\fasterxml\jackson\core\jackson-core\2.9.8\jackson-core-2.9.8.jar;E:\software\repository\com\fasterxml\jackson\datatype\jackson-datatype-jdk8\2.9.8\jackson-datatype-jdk8-2.9.8.jar;E:\software\repository\com\fasterxml\jackson\datatype\jackson-datatype-jsr310\2.9.8\jackson-datatype-jsr310-2.9.8.jar;E:\software\repository\com\fasterxml\jackson\module\jackson-module-parameter-names\2.9.8\jackson-module-parameter-names-2.9.8.jar;E:\software\repository\org\springframework\boot\spring-boot-starter-tomcat\2.1.3.RELEASE\spring-boot-starter-tomcat-2.1.3.RELEASE.jar;E:\software\repository\org\apache\tomcat\embed\tomcat-embed-websocket\9.0.16\tomcat-embed-websocket-9.0.16.jar;E:\software\repository\org\hibernate\validator\hibernate-validator\6.0.14.Final\hibernate-validator-6.0.14.Final.jar;E:\software\repository\javax\validation\validation-api\2.0.1.Final\validation-api-2.0.1.Final.jar;E:\software\repository\org\jboss\logging\jboss-logging\3.3.2.Final\jboss-logging-3.3.2.Final.jar;E:\software\repository\com\fasterxml\classmate\1.4.0\classmate-1.4.0.jar;E:\software\repository\org\springframework\spring-web\5.1.5.RELEASE\spring-web-5.1.5.RELEASE.jar;E:\software\repository\org\springframework\spring-beans\5.1.5.RELEASE\spring-beans-5.1.5.RELEASE.jar;E:\software\repository\org\springframework\spring-webmvc\5.1.5.RELEASE\spring-webmvc-5.1.5.RELEASE.jar;E:\software\repository\org\springframework\spring-context\5.1.5.RELEASE\spring-context-5.1.5.RELEASE.jar;E:\software\repository\org\springframework\spring-expression\5.1.5.RELEASE\spring-expression-5.1.5.RELEASE.jar;E:\software\repository\org\springframework\boot\spring-boot-starter-aop\2.1.3.RELEASE\spring-boot-starter-aop-2.1.3.RELEASE.jar;E:\software\repository\org\springframework\spring-aop\5.1.5.RELEASE\spring-aop-5.1.5.RELEASE.jar;E:\software\repository\org\aspectj\aspectjweaver\1.9.2\aspectjweaver-1.9.2.jar;E:\software\repository\org\springframework\boot\spring-boot-starter-test\2.1.3.RELEASE\spring-boot-starter-test-2.1.3.RELEASE.jar;E:\software\repository\org\springframework\boot\spring-boot-test\2.1.3.RELEASE\spring-boot-test-2.1.3.RELEASE.jar;E:\software\repository\org\springframework\boot\spring-boot-test-autoconfigure\2.1.3.RELEASE\spring-boot-test-autoconfigure-2.1.3.RELEASE.jar;E:\software\repository\com\jayway\jsonpath\json-path\2.4.0\json-path-2.4.0.jar;E:\software\repository\net\minidev\json-smart\2.3\json-smart-2.3.jar;E:\software\repository\net\minidev\accessors-smart\1.2\accessors-smart-1.2.jar;E:\software\repository\org\ow2\asm\asm\5.0.4\asm-5.0.4.jar;E:\software\repository\junit\junit\4.12\junit-4.12.jar;E:\software\repository\org\assertj\assertj-core\3.11.1\assertj-core-3.11.1.jar;E:\software\repository\org\mockito\mockito-core\2.23.4\mockito-core-2.23.4.jar;E:\software\repository\net\bytebuddy\byte-buddy\1.9.10\byte-buddy-1.9.10.jar;E:\software\repository\net\bytebuddy\byte-buddy-agent\1.9.10\byte-buddy-agent-1.9.10.jar;E:\software\repository\org\objenesis\objenesis\2.6\objenesis-2.6.jar;E:\software\repository\org\hamcrest\hamcrest-core\1.3\hamcrest-core-1.3.jar;E:\software\repository\org\hamcrest\hamcrest-library\1.3\hamcrest-library-1.3.jar;E:\software\repository\org\skyscreamer\jsonassert\1.5.0\jsonassert-1.5.0.jar;E:\software\repository\com\vaadin\external\google\android-json\0.0.20131108.vaadin1\android-json-0.0.20131108.vaadin1.jar;E:\software\repository\org\springframework\spring-core\5.1.5.RELEASE\spring-core-5.1.5.RELEASE.jar;E:\software\repository\org\springframework\spring-jcl\5.1.5.RELEASE\spring-jcl-5.1.5.RELEASE.jar;E:\software\repository\org\springframework\spring-test\5.1.5.RELEASE\spring-test-5.1.5.RELEASE.jar;E:\software\repository\org\xmlunit\xmlunit-core\2.6.2\xmlunit-core-2.6.2.jar;E:\software\repository\org\springframework\boot\spring-boot-configuration-processor\2.1.3.RELEASE\spring-boot-configuration-processor-2.1.3.RELEASE.jar;E:\software\repository\org\springframework\springloaded\1.2.8.RELEASE\springloaded-1.2.8.RELEASE.jar;E:\software\repository\org\springframework\boot\spring-boot-devtools\2.1.3.RELEASE\spring-boot-devtools-2.1.3.RELEASE.jar;E:\software\repository\org\springframework\boot\spring-boot\2.1.3.RELEASE\spring-boot-2.1.3.RELEASE.jar;E:\software\repository\org\springframework\boot\spring-boot-autoconfigure\2.1.3.RELEASE\spring-boot-autoconfigure-2.1.3.RELEASE.jar;E:\software\repository\org\projectlombok\lombok\1.18.6\lombok-1.18.6.jar;E:\software\repository\mysql\mysql-connector-java\5.1.32\mysql-connector-java-5.1.32.jar;E:\software\repository\com\alibaba\druid\1.1.12\druid-1.1.12.jar;E:\software\repository\com\baomidou\mybatis-plus-boot-starter\3.0.6\mybatis-plus-boot-starter-3.0.6.jar;E:\software\repository\com\baomidou\mybatis-plus\3.0.6\mybatis-plus-3.0.6.jar;E:\software\repository\com\baomidou\mybatis-plus-extension\3.0.6\mybatis-plus-extension-3.0.6.jar;E:\software\repository\com\baomidou\mybatis-plus-core\3.0.6\mybatis-plus-core-3.0.6.jar;E:\software\repository\com\baomidou\mybatis-plus-annotation\3.0.6\mybatis-plus-annotation-3.0.6.jar;E:\software\repository\com\github\jsqlparser\jsqlparser\1.2\jsqlparser-1.2.jar;E:\software\repository\org\mybatis\mybatis-spring\1.3.2\mybatis-spring-1.3.2.jar;E:\software\repository\org\mybatis\mybatis\3.4.6\mybatis-3.4.6.jar;E:\software\repository\com\baomidou\mybatis-plus-generator\3.0.6\mybatis-plus-generator-3.0.6.jar;E:\software\repository\org\springframework\boot\spring-boot-starter-jdbc\2.1.3.RELEASE\spring-boot-starter-jdbc-2.1.3.RELEASE.jar;E:\software\repository\com\zaxxer\HikariCP\3.2.0\HikariCP-3.2.0.jar;E:\software\repository\org\springframework\spring-jdbc\5.1.5.RELEASE\spring-jdbc-5.1.5.RELEASE.jar;E:\software\repository\redis\clients\jedis\2.9.1\jedis-2.9.1.jar;E:\software\repository\org\slf4j\slf4j-api\1.7.25\slf4j-api-1.7.25.jar;E:\software\repository\org\apache\commons\commons-pool2\2.6.1\commons-pool2-2.6.1.jar;E:\software\repository\org\springframework\data\spring-data-redis\2.1.5.RELEASE\spring-data-redis-2.1.5.RELEASE.jar;E:\software\repository\org\springframework\data\spring-data-keyvalue\2.1.5.RELEASE\spring-data-keyvalue-2.1.5.RELEASE.jar;E:\software\repository\org\springframework\data\spring-data-commons\2.1.5.RELEASE\spring-data-commons-2.1.5.RELEASE.jar;E:\software\repository\org\springframework\spring-tx\5.1.5.RELEASE\spring-tx-5.1.5.RELEASE.jar;E:\software\repository\org\springframework\spring-oxm\5.1.5.RELEASE\spring-oxm-5.1.5.RELEASE.jar;E:\software\repository\org\springframework\spring-context-support\5.1.5.RELEASE\spring-context-support-5.1.5.RELEASE.jar;E:\software\repository\javax\servlet\javax.servlet-api\4.0.1\javax.servlet-api-4.0.1.jar;E:\software\repository\javax\servlet\jstl\1.2\jstl-1.2.jar;E:\software\repository\org\apache\tomcat\embed\tomcat-embed-jasper\9.0.16\tomcat-embed-jasper-9.0.16.jar;E:\software\repository\org\apache\tomcat\embed\tomcat-embed-core\9.0.16\tomcat-embed-core-9.0.16.jar;E:\software\repository\org\apache\tomcat\tomcat-annotations-api\9.0.16\tomcat-annotations-api-9.0.16.jar;E:\software\repository\org\apache\tomcat\embed\tomcat-embed-el\9.0.16\tomcat-embed-el-9.0.16.jar;E:\software\repository\org\eclipse\jdt\ecj\3.15.0\ecj-3.15.0.jar;E:\software\repository\org\apache\httpcomponents\httpclient\4.5.7\httpclient-4.5.7.jar;E:\software\repository\org\apache\httpcomponents\httpcore\4.4.11\httpcore-4.4.11.jar;E:\software\repository\commons-codec\commons-codec\1.11\commons-codec-1.11.jar;E:\software\repository\org\springframework\boot\spring-boot-starter-quartz\2.1.3.RELEASE\spring-boot-starter-quartz-2.1.3.RELEASE.jar;E:\software\repository\org\quartz-scheduler\quartz\2.3.0\quartz-2.3.0.jar;E:\software\repository\com\mchange\mchange-commons-java\0.2.11\mchange-commons-java-0.2.11.jar;"/>
    <property name="sun.cpu.endian" value="little"/>
    <property name="user.home" value="C:\Users\000"/>
    <property name="user.language" value="zh"/>
    <property name="java.specification.vendor" value="Oracle Corporation"/>
    <property name="java.home" value="D:\Java\jdk1.8.0_45\jre"/>
    <property name="basedir" value="E:\1902jt\jt\jt-manage"/>
    <property name="file.separator" value="\"/>
    <property name="line.separator" value="&#10;"/>
    <property name="java.vm.specification.vendor" value="Oracle Corporation"/>
    <property name="java.specification.name" value="Java Platform API Specification"/>
    <property name="java.awt.graphicsenv" value="sun.awt.Win32GraphicsEnvironment"/>
    <property name="surefire.real.class.path" value="C:\Users\000\AppData\Local\Temp\surefire2201186779821994320\surefirebooter8957782436326198148.jar"/>
    <property name="sun.boot.class.path" value="D:\Java\jdk1.8.0_45\jre\lib\resources.jar;D:\Java\jdk1.8.0_45\jre\lib\rt.jar;D:\Java\jdk1.8.0_45\jre\lib\sunrsasign.jar;D:\Java\jdk1.8.0_45\jre\lib\jsse.jar;D:\Java\jdk1.8.0_45\jre\lib\jce.jar;D:\Java\jdk1.8.0_45\jre\lib\charsets.jar;D:\Java\jdk1.8.0_45\jre\lib\jfr.jar;D:\Java\jdk1.8.0_45\jre\classes"/>
    <property name="user.script" value=""/>
    <property name="sun.management.compiler" value="HotSpot 64-Bit Tiered Compilers"/>
    <property name="java.runtime.version" value="1.8.0_45-b14"/>
    <property name="user.name" value="000"/>
    <property name="path.separator" value=";"/>
    <property name="os.version" value="6.1"/>
    <property name="java.endorsed.dirs" value="D:\Java\jdk1.8.0_45\jre\lib\endorsed"/>
    <property name="java.runtime.name" value="Java(TM) SE Runtime Environment"/>
    <property name="file.encoding" value="GBK"/>
    <property name="java.vm.name" value="Java HotSpot(TM) 64-Bit Server VM"/>
    <property name="localRepository" value="E:\software\repository"/>
    <property name="java.vendor.url.bug" value="http://bugreport.sun.com/bugreport/"/>
    <property name="java.io.tmpdir" value="C:\Users\000\AppData\Local\Temp\"/>
    <property name="java.version" value="1.8.0_45"/>
    <property name="user.dir" value="E:\1902jt\jt\jt-manage"/>
    <property name="os.arch" value="amd64"/>
    <property name="java.vm.specification.name" value="Java Virtual Machine Specification"/>
    <property name="java.awt.printerjob" value="sun.awt.windows.WPrinterJob"/>
    <property name="sun.os.patch.level" value="Service Pack 1"/>
    <property name="java.library.path" value="D:\Java\jdk1.8.0_45\jre\bin;C:\Windows\Sun\Java\bin;C:\Windows\system32;C:\Windows;D:/Java/jdk1.8.0_45/bin/../jre/bin/server;D:/Java/jdk1.8.0_45/bin/../jre/bin;D:/Java/jdk1.8.0_45/bin/../jre/lib/amd64;D:\Java\jdk1.8.0_45\bin;C:\ProgramData\Oracle\Java\javapath;C:\Windows\system32;C:\Windows;C:\Windows\System32\Wbem;C:\Windows\System32\WindowsPowerShell\v1.0\;C:\Program Files\MySQL\MySQL Server 5.5\bin;C:\Program Files (x86)\NVIDIA Corporation\PhysX\Common;E:\spring_tool_suite\sts-4.1.0.RELEASE;;."/>
    <property name="java.vm.info" value="mixed mode"/>
    <property name="java.vendor" value="Oracle Corporation"/>
    <property name="java.vm.version" value="25.45-b02"/>
    <property name="java.ext.dirs" value="D:\Java\jdk1.8.0_45\jre\lib\ext;C:\Windows\Sun\Java\lib\ext"/>
    <property name="sun.io.unicode.encoding" value="UnicodeLittle"/>
    <property name="java.class.version" value="52.0"/>
  </properties>
  <testcase name="testOut" classname="com.jt.TestRedis" time="2.089">
    <error message="Failed connecting to host 192.168.161.129:6379" type="redis.clients.jedis.exceptions.JedisConnectionException">redis.clients.jedis.exceptions.JedisConnectionException: Failed connecting to host 192.168.161.129:6379
	at com.jt.TestRedis.testOut(TestRedis.java:30)
Caused by: java.net.SocketTimeoutException: connect timed out
	at com.jt.TestRedis.testOut(TestRedis.java:30)
</error>
  </testcase>
  <testcase name="objectToJSON" classname="com.jt.TestRedis" time="0.218"/>
  <testcase name="listJSON" classname="com.jt.TestRedis" time="2.011">
    <error message="Failed connecting to host 192.168.161.129:6379" type="redis.clients.jedis.exceptions.JedisConnectionException">redis.clients.jedis.exceptions.JedisConnectionException: Failed connecting to host 192.168.161.129:6379
	at com.jt.TestRedis.listJSON(TestRedis.java:66)
Caused by: java.net.SocketTimeoutException: connect timed out
	at com.jt.TestRedis.listJSON(TestRedis.java:66)
</error>
    <system-out><![CDATA[[{"created":null,"updated":null,"itemId":100,"itemDesc":"测试数据"},{"created":null,"updated":null,"itemId":100,"itemDesc":"测试数据"}]
]]></system-out>
  </testcase>
  <testcase name="testString" classname="com.jt.TestRedis" time="2.003">
    <error message="Failed connecting to host 192.168.161.129:6379" type="redis.clients.jedis.exceptions.JedisConnectionException">redis.clients.jedis.exceptions.JedisConnectionException: Failed connecting to host 192.168.161.129:6379
	at com.jt.TestRedis.testString(TestRedis.java:21)
Caused by: java.net.SocketTimeoutException: connect timed out
	at com.jt.TestRedis.testString(TestRedis.java:21)
</error>
  </testcase>
</testsuite>